<?xml version='1.0' encoding='UTF-8'?>
<testsuite hostname="MacBook-Pro.local" name="recfun.PascalSuite" tests="1" errors="1" failures="0" skipped="0" time="0.066">
                     <properties>
[...]
</properties>
                     <testcase classname="recfun.PascalSuite" name="(It is not a test it is a sbt.testing.SuiteSelector)" time="0.066">
                                                 <error type="java.lang.StackOverflowError">java.lang.StackOverflowError
	at scala.Product2$mcII$sp$class.$init$(Product2.scala:20)
	at scala.Tuple2$mcII$sp.&lt;init&gt;(Tuple2.scala:20)
	at recfun.Main$.pascal(Main.scala:17)
	at recfun.Main$.pascal(Main.scala:19)
	at recfun.Main$.pascal(Main.scala:19)
	at recfun.Main$.pascal(Main.scala:19)
	at recfun.Main$.pascal(Main.scala:19)
	at recfun.Main$.pascal(Main.scala:19)
	at recfun.Main$.pascal(Main.scala:19)
	at recfun.Main$.pascal(Main.scala:19)
	at recfun.Main$.pascal(Main.scala:19)
	at recfun.Main$.pascal(Main.scala:19)
	at recfun.Main$.pascal(Main.scala:19)
	at recfun.Main$.pascal(Main.scala:19)
	at recfun.Main$.pascal(Main.scala:19)
	at recfun.Main$.pascal(Main.scala:19)
	at recfun.Main$.pascal(Main.scala:19)
	at recfun.Main$.pascal(Main.scala:19)
	at recfun.Main$.pascal(Main.scala:19)
	at recfun.Main$.pascal(Main.scala:19)
	at recfun.Main$.pascal(Main.scala:19)
	at recfun.Main$.pascal(Main.scala:19)
	at recfun.Main$.pascal(Main.scala:19)
	at recfun.Main$.pascal(Main.scala:19)
	at recfun.Main$.pascal(Main.scala:19)
	at recfun.Main$.pascal(Main.scala:19)
	at recfun.Main$.pascal(Main.scala:19)
	at recfun.Main$.pascal(Main.scala:19)
	at recfun.Main$.pascal(Main.scala:19)
	at recfun.Main$.pascal(Main.scala:19)
	at recfun.Main$.pascal(Main.scala:19)
	at recfun.Main$.pascal(Main.scala:19)
	at recfun.Main$.pascal(Main.scala:19)
	at recfun.Main$.pascal(Main.scala:19)
	at recfun.Main$.pascal(Main.scala:19)
	at recfun.Main$.pascal(Main.scala:19)
	at recfun.Main$.pascal(Main.scala:19)
	at recfun.Main$.pascal(Main.scala:19)
	at recfun.Main$.pascal(Main.scala:19)
	at recfun.Main$.pascal(Main.scala:19)
	at recfun.Main$.pascal(Main.scala:19)
	at recfun.Main$.pascal(Main.scala:19)
	at recfun.Main$.pascal(Main.scala:19)
	at recfun.Main$.pascal(Main.scala:19)
	at recfun.Main$.pascal(Main.scala:19)
	at recfun.Main$.pascal(Main.scala:19)
	at recfun.Main$.pascal(Main.scala:19)
	at recfun.Main$.pascal(Main.scala:19)
	at recfun.Main$.pascal(Main.scala:19)
	at recfun.Main$.pascal(Main.scala:19)
	at recfun.Main$.pascal(Main.scala:19)
	at recfun.Main$.pascal(Main.scala:19)
	at recfun.Main$.pascal(Main.scala:19)
	at recfun.Main$.pascal(Main.scala:19)
	at recfun.Main$.pascal(Main.scala:19)
	at recfun.Main$.pascal(Main.scala:19)
	at recfun.Main$.pascal(Main.scala:19)
	at recfun.Main$.pascal(Main.scala:19)
	at recfun.Main$.pascal(Main.scala:19)
	at recfun.Main$.pascal(Main.scala:19)
	at recfun.Main$.pascal(Main.scala:19)
	at recfun.Main$.pascal(Main.scala:19)
	at recfun.Main$.pascal(Main.scala:19)
	at recfun.Main$.pascal(Main.scala:19)
	at recfun.Main$.pascal(Main.scala:19)
	at recfun.Main$.pascal(Main.scala:19)
	at recfun.Main$.pascal(Main.scala:19)
	at recfun.Main$.pascal(Main.scala:19)
	at recfun.Main$.pascal(Main.scala:19)
	at recfun.Main$.pascal(Main.scala:19)
	at recfun.Main$.pascal(Main.scala:19)
	at recfun.Main$.pascal(Main.scala:19)
	at recfun.Main$.pascal(Main.scala:19)
	at recfun.Main$.pascal(Main.scala:19)
	at recfun.Main$.pascal(Main.scala:19)
	at recfun.Main$.pascal(Main.scala:19)
	at recfun.Main$.pascal(Main.scala:19)
	at recfun.Main$.pascal(Main.scala:19)
	at recfun.Main$.pascal(Main.scala:19)
	at recfun.Main$.pascal(Main.scala:19)
	at recfun.Main$.pascal(Main.scala:19)
	at recfun.Main$.pascal(Main.scala:19)
	at recfun.Main$.pascal(Main.scala:19)
	at recfun.Main$.pascal(Main.scala:19)
	at recfun.Main$.pascal(Main.scala:19)
	at recfun.Main$.pascal(Main.scala:19)
	at recfun.Main$.pascal(Main.scala:19)
	at recfun.Main$.pascal(Main.scala:19)
	at recfun.Main$.pascal(Main.scala:19)
	at recfun.Main$.pascal(Main.scala:19)
	at recfun.Main$.pascal(Main.scala:19)
	at recfun.Main$.pascal(Main.scala:19)
	at recfun.Main$.pascal(Main.scala:19)
	at recfun.Main$.pascal(Main.scala:19)
	at recfun.Main$.pascal(Main.scala:19)
	at recfun.Main$.pascal(Main.scala:19)
	at recfun.Main$.pascal(Main.scala:19)
	at recfun.Main$.pascal(Main.scala:19)
	at recfun.Main$.pascal(Main.scala:19)
	at recfun.Main$.pascal(Main.scala:19)
	at recfun.Main$.pascal(Main.scala:19)
	at recfun.Main$.pascal(Main.scala:19)
	at recfun.Main$.pascal(Main.scala:19)
	at recfun.Main$.pascal(Main.scala:19)
	at recfun.Main$.pascal(Main.scala:19)
	at recfun.Main$.pascal(Main.scala:19)
	at recfun.Main$.pascal(Main.scala:19)
	at recfun.Main$.pascal(Main.scala:19)
	at recfun.Main$.pascal(Main.scala:19)
	at recfun.Main$.pascal(Main.scala:19)
	at recfun.Main$.pascal(Main.scala:19)
	at recfun.Main$.pascal(Main.scala:19)
	at recfun.Main$.pascal(Main.scala:19)
	at recfun.Main$.pascal(Main.scala:19)
	at recfun.Main$.pascal(Main.scala:19)
	at recfun.Main$.pascal(Main.scala:19)
	at recfun.Main$.pascal(Main.scala:19)
	at recfun.Main$.pascal(Main.scala:19)
	at recfun.Main$.pascal(Main.scala:19)
	at recfun.Main$.pascal(Main.scala:19)
	at recfun.Main$.pascal(Main.scala:19)
	at recfun.Main$.pascal(Main.scala:19)
	at recfun.Main$.pascal(Main.scala:19)
	at recfun.Main$.pascal(Main.scala:19)
	at recfun.Main$.pascal(Main.scala:19)
	at recfun.Main$.pascal(Main.scala:19)
	at recfun.Main$.pascal(Main.scala:19)
	at recfun.Main$.pascal(Main.scala:19)
	at recfun.Main$.pascal(Main.scala:19)
	at recfun.Main$.pascal(Main.scala:19)
	at recfun.Main$.pascal(Main.scala:19)
	at recfun.Main$.pascal(Main.scala:19)
	at recfun.Main$.pascal(Main.scala:19)
	at recfun.Main$.pascal(Main.scala:19)
	at recfun.Main$.pascal(Main.scala:19)
	at recfun.Main$.pascal(Main.scala:19)
	at recfun.Main$.pascal(Main.scala:19)
	at recfun.Main$.pascal(Main.scala:19)
	at recfun.Main$.pascal(Main.scala:19)
	at recfun.Main$.pascal(Main.scala:19)
	at recfun.Main$.pascal(Main.scala:19)
	at recfun.Main$.pascal(Main.scala:19)
	at recfun.Main$.pascal(Main.scala:19)
	at recfun.Main$.pascal(Main.scala:19)
	at recfun.Main$.pascal(Main.scala:19)
	at recfun.Main$.pascal(Main.scala:19)
	at recfun.Main$.pascal(Main.scala:19)
	at recfun.Main$.pascal(Main.scala:19)
	at recfun.Main$.pascal(Main.scala:19)
	at recfun.Main$.pascal(Main.scala:19)
	at recfun.Main$.pascal(Main.scala:19)
	at recfun.Main$.pascal(Main.scala:19)
	at recfun.Main$.pascal(Main.scala:19)
	at recfun.Main$.pascal(Main.scala:19)
	at recfun.Main$.pascal(Main.scala:19)
	at recfun.Main$.pascal(Main.scala:19)
	at recfun.Main$.pascal(Main.scala:19)
	at recfun.Main$.pascal(Main.scala:19)
	at recfun.Main$.pascal(Main.scala:19)
	at recfun.Main$.pascal(Main.scala:19)
	at recfun.Main$.pascal(Main.scala:19)
	at recfun.Main$.pascal(Main.scala:19)
	at recfun.Main$.pascal(Main.scala:19)
	at recfun.Main$.pascal(Main.scala:19)
	at recfun.Main$.pascal(Main.scala:19)
	at recfun.Main$.pascal(Main.scala:19)
	at recfun.Main$.pascal(Main.scala:19)
	at recfun.Main$.pascal(Main.scala:19)
	at recfun.Main$.pascal(Main.scala:19)
	at recfun.Main$.pascal(Main.scala:19)
	at recfun.Main$.pascal(Main.scala:19)
	at recfun.Main$.pascal(Main.scala:19)
	at recfun.Main$.pascal(Main.scala:19)
	at recfun.Main$.pascal(Main.scala:19)
	at recfun.Main$.pascal(Main.scala:19)
	at recfun.Main$.pascal(Main.scala:19)
	at recfun.Main$.pascal(Main.scala:19)
	at recfun.Main$.pascal(Main.scala:19)
	at recfun.Main$.pascal(Main.scala:19)
	at recfun.Main$.pascal(Main.scala:19)
	at recfun.Main$.pascal(Main.scala:19)
	at recfun.Main$.pascal(Main.scala:19)
	at recfun.Main$.pascal(Main.scala:19)
	at recfun.Main$.pascal(Main.scala:19)
	at recfun.Main$.pascal(Main.scala:19)
	at recfun.Main$.pascal(Main.scala:19)
	at recfun.Main$.pascal(Main.scala:19)
	at recfun.Main$.pascal(Main.scala:19)
	at recfun.Main$.pascal(Main.scala:19)
	at recfun.Main$.pascal(Main.scala:19)
	at recfun.Main$.pascal(Main.scala:19)
	at recfun.Main$.pascal(Main.scala:19)
	at recfun.Main$.pascal(Main.scala:19)
	at recfun.Main$.pascal(Main.scala:19)
	at recfun.Main$.pascal(Main.scala:19)
	at recfun.Main$.pascal(Main.scala:19)
	at recfun.Main$.pascal(Main.scala:19)
	at recfun.Main$.pascal(Main.scala:19)
	at recfun.Main$.pascal(Main.scala:19)
	at recfun.Main$.pascal(Main.scala:19)
	at recfun.Main$.pascal(Main.scala:19)
	at recfun.Main$.pascal(Main.scala:19)
	at recfun.Main$.pascal(Main.scala:19)
	at recfun.Main$.pascal(Main.scala:19)
	at recfun.Main$.pascal(Main.scala:19)
	at recfun.Main$.pascal(Main.scala:19)
	at recfun.Main$.pascal(Main.scala:19)
	at recfun.Main$.pascal(Main.scala:19)
	at recfun.Main$.pascal(Main.scala:19)
	at recfun.Main$.pascal(Main.scala:19)
	at recfun.Main$.pascal(Main.scala:19)
	at recfun.Main$.pascal(Main.scala:19)
	at recfun.Main$.pascal(Main.scala:19)
	at recfun.Main$.pascal(Main.scala:19)
	at recfun.Main$.pascal(Main.scala:19)
	at recfun.Main$.pascal(Main.scala:19)
	at recfun.Main$.pascal(Main.scala:19)
	at recfun.Main$.pascal(Main.scala:19)
	at recfun.Main$.pascal(Main.scala:19)
	at recfun.Main$.pascal(Main.scala:19)
	at recfun.Main$.pascal(Main.scala:19)
	at recfun.Main$.pascal(Main.scala:19)
	at recfun.Main$.pascal(Main.scala:19)
	at recfun.Main$.pascal(Main.scala:19)
	at recfun.Main$.pascal(Main.scala:19)
	at recfun.Main$.pascal(Main.scala:19)
	at recfun.Main$.pascal(Main.scala:19)
	at recfun.Main$.pascal(Main.scala:19)
	at recfun.Main$.pascal(Main.scala:19)
	at recfun.Main$.pascal(Main.scala:19)
	at recfun.Main$.pascal(Main.scala:19)
	at recfun.Main$.pascal(Main.scala:19)
	at recfun.Main$.pascal(Main.scala:19)
	at recfun.Main$.pascal(Main.scala:19)
	at recfun.Main$.pascal(Main.scala:19)
	at recfun.Main$.pascal(Main.scala:19)
	at recfun.Main$.pascal(Main.scala:19)
	at recfun.Main$.pascal(Main.scala:19)
	at recfun.Main$.pascal(Main.scala:19)
	at recfun.Main$.pascal(Main.scala:19)
	at recfun.Main$.pascal(Main.scala:19)
	at recfun.Main$.pascal(Main.scala:19)
	at recfun.Main$.pascal(Main.scala:19)
	at recfun.Main$.pascal(Main.scala:19)
	at recfun.Main$.pascal(Main.scala:19)
	at recfun.Main$.pascal(Main.scala:19)
	at recfun.Main$.pascal(Main.scala:19)
	at recfun.Main$.pascal(Main.scala:19)
	at recfun.Main$.pascal(Main.scala:19)
	at recfun.Main$.pascal(Main.scala:19)
	at recfun.Main$.pascal(Main.scala:19)
	at recfun.Main$.pascal(Main.scala:19)
	at recfun.Main$.pascal(Main.scala:19)
	at recfun.Main$.pascal(Main.scala:19)
	at recfun.Main$.pascal(Main.scala:19)
	at recfun.Main$.pascal(Main.scala:19)
	at recfun.Main$.pascal(Main.scala:19)
	at recfun.Main$.pascal(Main.scala:19)
	at recfun.Main$.pascal(Main.scala:19)
	at recfun.Main$.pascal(Main.scala:19)
	at recfun.Main$.pascal(Main.scala:19)
	at recfun.Main$.pascal(Main.scala:19)
	at recfun.Main$.pascal(Main.scala:19)
	at recfun.Main$.pascal(Main.scala:19)
	at recfun.Main$.pascal(Main.scala:19)
	at recfun.Main$.pascal(Main.scala:19)
	at recfun.Main$.pascal(Main.scala:19)
	at recfun.Main$.pascal(Main.scala:19)
	at recfun.Main$.pascal(Main.scala:19)
	at recfun.Main$.pascal(Main.scala:19)
	at recfun.Main$.pascal(Main.scala:19)
	at recfun.Main$.pascal(Main.scala:19)
	at recfun.Main$.pascal(Main.scala:19)
	at recfun.Main$.pascal(Main.scala:19)
	at recfun.Main$.pascal(Main.scala:19)
	at recfun.Main$.pascal(Main.scala:19)
	at recfun.Main$.pascal(Main.scala:19)
	at recfun.Main$.pascal(Main.scala:19)
	at recfun.Main$.pascal(Main.scala:19)
	at recfun.Main$.pascal(Main.scala:19)
	at recfun.Main$.pascal(Main.scala:19)
	at recfun.Main$.pascal(Main.scala:19)
	at recfun.Main$.pascal(Main.scala:19)
	at recfun.Main$.pascal(Main.scala:19)
	at recfun.Main$.pascal(Main.scala:19)
	at recfun.Main$.pascal(Main.scala:19)
	at recfun.Main$.pascal(Main.scala:19)
	at recfun.Main$.pascal(Main.scala:19)
	at recfun.Main$.pascal(Main.scala:19)
	at recfun.Main$.pascal(Main.scala:19)
	at recfun.Main$.pascal(Main.scala:19)
	at recfun.Main$.pascal(Main.scala:19)
	at recfun.Main$.pascal(Main.scala:19)
	at recfun.Main$.pascal(Main.scala:19)
	at recfun.Main$.pascal(Main.scala:19)
	at recfun.Main$.pascal(Main.scala:19)
	at recfun.Main$.pascal(Main.scala:19)
	at recfun.Main$.pascal(Main.scala:19)
	at recfun.Main$.pascal(Main.scala:19)
	at recfun.Main$.pascal(Main.scala:19)
	at recfun.Main$.pascal(Main.scala:19)
	at recfun.Main$.pascal(Main.scala:19)
	at recfun.Main$.pascal(Main.scala:19)
	at recfun.Main$.pascal(Main.scala:19)
	at recfun.Main$.pascal(Main.scala:19)
	at recfun.Main$.pascal(Main.scala:19)
	at recfun.Main$.pascal(Main.scala:19)
	at recfun.Main$.pascal(Main.scala:19)
	at recfun.Main$.pascal(Main.scala:19)
	at recfun.Main$.pascal(Main.scala:19)
	at recfun.Main$.pascal(Main.scala:19)
	at recfun.Main$.pascal(Main.scala:19)
	at recfun.Main$.pascal(Main.scala:19)
	at recfun.Main$.pascal(Main.scala:19)
	at recfun.Main$.pascal(Main.scala:19)
	at recfun.Main$.pascal(Main.scala:19)
	at recfun.Main$.pascal(Main.scala:19)
	at recfun.Main$.pascal(Main.scala:19)
	at recfun.Main$.pascal(Main.scala:19)
	at recfun.Main$.pascal(Main.scala:19)
	at recfun.Main$.pascal(Main.scala:19)
	at recfun.Main$.pascal(Main.scala:19)
	at recfun.Main$.pascal(Main.scala:19)
	at recfun.Main$.pascal(Main.scala:19)
	at recfun.Main$.pascal(Main.scala:19)
	at recfun.Main$.pascal(Main.scala:19)
	at recfun.Main$.pascal(Main.scala:19)
	at recfun.Main$.pascal(Main.scala:19)
	at recfun.Main$.pascal(Main.scala:19)
	at recfun.Main$.pascal(Main.scala:19)
	at recfun.Main$.pascal(Main.scala:19)
	at recfun.Main$.pascal(Main.scala:19)
	at recfun.Main$.pascal(Main.scala:19)
	at recfun.Main$.pascal(Main.scala:19)
	at recfun.Main$.pascal(Main.scala:19)
	at recfun.Main$.pascal(Main.scala:19)
	at recfun.Main$.pascal(Main.scala:19)
	at recfun.Main$.pascal(Main.scala:19)
	at recfun.Main$.pascal(Main.scala:19)
	at recfun.Main$.pascal(Main.scala:19)
	at recfun.Main$.pascal(Main.scala:19)
	at recfun.Main$.pascal(Main.scala:19)
	at recfun.Main$.pascal(Main.scala:19)
	at recfun.Main$.pascal(Main.scala:19)
	at recfun.Main$.pascal(Main.scala:19)
	at recfun.Main$.pascal(Main.scala:19)
	at recfun.Main$.pascal(Main.scala:19)
	at recfun.Main$.pascal(Main.scala:19)
	at recfun.Main$.pascal(Main.scala:19)
	at recfun.Main$.pascal(Main.scala:19)
	at recfun.Main$.pascal(Main.scala:19)
	at recfun.Main$.pascal(Main.scala:19)
	at recfun.Main$.pascal(Main.scala:19)
	at recfun.Main$.pascal(Main.scala:19)
	at recfun.Main$.pascal(Main.scala:19)
	at recfun.Main$.pascal(Main.scala:19)
	at recfun.Main$.pascal(Main.scala:19)
	at recfun.Main$.pascal(Main.scala:19)
	at recfun.Main$.pascal(Main.scala:19)
	at recfun.Main$.pascal(Main.scala:19)
	at recfun.Main$.pascal(Main.scala:19)
	at recfun.Main$.pascal(Main.scala:19)
	at recfun.Main$.pascal(Main.scala:19)
	at recfun.Main$.pascal(Main.scala:19)
	at recfun.Main$.pascal(Main.scala:19)
	at recfun.Main$.pascal(Main.scala:19)
	at recfun.Main$.pascal(Main.scala:19)
	at recfun.Main$.pascal(Main.scala:19)
	at recfun.Main$.pascal(Main.scala:19)
	at recfun.Main$.pascal(Main.scala:19)
	at recfun.Main$.pascal(Main.scala:19)
	at recfun.Main$.pascal(Main.scala:19)
	at recfun.Main$.pascal(Main.scala:19)
	at recfun.Main$.pascal(Main.scala:19)
	at recfun.Main$.pascal(Main.scala:19)
	at recfun.Main$.pascal(Main.scala:19)
	at recfun.Main$.pascal(Main.scala:19)
	at recfun.Main$.pascal(Main.scala:19)
	at recfun.Main$.pascal(Main.scala:19)
	at recfun.Main$.pascal(Main.scala:19)
	at recfun.Main$.pascal(Main.scala:19)
	at recfun.Main$.pascal(Main.scala:19)
	at recfun.Main$.pascal(Main.scala:19)
	at recfun.Main$.pascal(Main.scala:19)
	at recfun.Main$.pascal(Main.scala:19)
	at recfun.Main$.pascal(Main.scala:19)
	at recfun.Main$.pascal(Main.scala:19)
	at recfun.Main$.pascal(Main.scala:19)
	at recfun.Main$.pascal(Main.scala:19)
	at recfun.Main$.pascal(Main.scala:19)
	at recfun.Main$.pascal(Main.scala:19)
	at recfun.Main$.pascal(Main.scala:19)
	at recfun.Main$.pascal(Main.scala:19)
	at recfun.Main$.pascal(Main.scala:19)
	at recfun.Main$.pascal(Main.scala:19)
	at recfun.Main$.pascal(Main.scala:19)
	at recfun.Main$.pascal(Main.scala:19)
	at recfun.Main$.pascal(Main.scala:19)
	at recfun.Main$.pascal(Main.scala:19)
	at recfun.Main$.pascal(Main.scala:19)
	at recfun.Main$.pascal(Main.scala:19)
	at recfun.Main$.pascal(Main.scala:19)
	at recfun.Main$.pascal(Main.scala:19)
	at recfun.Main$.pascal(Main.scala:19)
	at recfun.Main$.pascal(Main.scala:19)
	at recfun.Main$.pascal(Main.scala:19)
	at recfun.Main$.pascal(Main.scala:19)
	at recfun.Main$.pascal(Main.scala:19)
	at recfun.Main$.pascal(Main.scala:19)
	at recfun.Main$.pascal(Main.scala:19)
	at recfun.Main$.pascal(Main.scala:19)
	at recfun.Main$.pascal(Main.scala:19)
	at recfun.Main$.pascal(Main.scala:19)
	at recfun.Main$.pascal(Main.scala:19)
	at recfun.Main$.pascal(Main.scala:19)
	at recfun.Main$.pascal(Main.scala:19)
	at recfun.Main$.pascal(Main.scala:19)
	at recfun.Main$.pascal(Main.scala:19)
	at recfun.Main$.pascal(Main.scala:19)
	at recfun.Main$.pascal(Main.scala:19)
	at recfun.Main$.pascal(Main.scala:19)
	at recfun.Main$.pascal(Main.scala:19)
	at recfun.Main$.pascal(Main.scala:19)
	at recfun.Main$.pascal(Main.scala:19)
	at recfun.Main$.pascal(Main.scala:19)
	at recfun.Main$.pascal(Main.scala:19)
	at recfun.Main$.pascal(Main.scala:19)
	at recfun.Main$.pascal(Main.scala:19)
	at recfun.Main$.pascal(Main.scala:19)
	at recfun.Main$.pascal(Main.scala:19)
	at recfun.Main$.pascal(Main.scala:19)
	at recfun.Main$.pascal(Main.scala:19)
	at recfun.Main$.pascal(Main.scala:19)
	at recfun.Main$.pascal(Main.scala:19)
	at recfun.Main$.pascal(Main.scala:19)
	at recfun.Main$.pascal(Main.scala:19)
	at recfun.Main$.pascal(Main.scala:19)
	at recfun.Main$.pascal(Main.scala:19)
	at recfun.Main$.pascal(Main.scala:19)
	at recfun.Main$.pascal(Main.scala:19)
	at recfun.Main$.pascal(Main.scala:19)
	at recfun.Main$.pascal(Main.scala:19)
	at recfun.Main$.pascal(Main.scala:19)
	at recfun.Main$.pascal(Main.scala:19)
	at recfun.Main$.pascal(Main.scala:19)
	at recfun.Main$.pascal(Main.scala:19)
	at recfun.Main$.pascal(Main.scala:19)
	at recfun.Main$.pascal(Main.scala:19)
	at recfun.Main$.pascal(Main.scala:19)
	at recfun.Main$.pascal(Main.scala:19)
	at recfun.Main$.pascal(Main.scala:19)
	at recfun.Main$.pascal(Main.scala:19)
	at recfun.Main$.pascal(Main.scala:19)
	at recfun.Main$.pascal(Main.scala:19)
	at recfun.Main$.pascal(Main.scala:19)
	at recfun.Main$.pascal(Main.scala:19)
	at recfun.Main$.pascal(Main.scala:19)
	at recfun.Main$.pascal(Main.scala:19)
	at recfun.Main$.pascal(Main.scala:19)
	at recfun.Main$.pascal(Main.scala:19)
	at recfun.Main$.pascal(Main.scala:19)
	at recfun.Main$.pascal(Main.scala:19)
	at recfun.Main$.pascal(Main.scala:19)
	at recfun.Main$.pascal(Main.scala:19)
	at recfun.Main$.pascal(Main.scala:19)
	at recfun.Main$.pascal(Main.scala:19)
	at recfun.Main$.pascal(Main.scala:19)
	at recfun.Main$.pascal(Main.scala:19)
	at recfun.Main$.pascal(Main.scala:19)
	at recfun.Main$.pascal(Main.scala:19)
	at recfun.Main$.pascal(Main.scala:19)
	at recfun.Main$.pascal(Main.scala:19)
	at recfun.Main$.pascal(Main.scala:19)
	at recfun.Main$.pascal(Main.scala:19)
	at recfun.Main$.pascal(Main.scala:19)
	at recfun.Main$.pascal(Main.scala:19)
	at recfun.Main$.pascal(Main.scala:19)
	at recfun.Main$.pascal(Main.scala:19)
	at recfun.Main$.pascal(Main.scala:19)
	at recfun.Main$.pascal(Main.scala:19)
	at recfun.Main$.pascal(Main.scala:19)
	at recfun.Main$.pascal(Main.scala:19)
	at recfun.Main$.pascal(Main.scala:19)
	at recfun.Main$.pascal(Main.scala:19)
	at recfun.Main$.pascal(Main.scala:19)
	at recfun.Main$.pascal(Main.scala:19)
	at recfun.Main$.pascal(Main.scala:19)
	at recfun.Main$.pascal(Main.scala:19)
	at recfun.Main$.pascal(Main.scala:19)
	at recfun.Main$.pascal(Main.scala:19)
	at recfun.Main$.pascal(Main.scala:19)
	at recfun.Main$.pascal(Main.scala:19)
	at recfun.Main$.pascal(Main.scala:19)
	at recfun.Main$.pascal(Main.scala:19)
	at recfun.Main$.pascal(Main.scala:19)
	at recfun.Main$.pascal(Main.scala:19)
	at recfun.Main$.pascal(Main.scala:19)
	at recfun.Main$.pascal(Main.scala:19)
	at recfun.Main$.pascal(Main.scala:19)
	at recfun.Main$.pascal(Main.scala:19)
	at recfun.Main$.pascal(Main.scala:19)
	at recfun.Main$.pascal(Main.scala:19)
	at recfun.Main$.pascal(Main.scala:19)
	at recfun.Main$.pascal(Main.scala:19)
	at recfun.Main$.pascal(Main.scala:19)
	at recfun.Main$.pascal(Main.scala:19)
	at recfun.Main$.pascal(Main.scala:19)
	at recfun.Main$.pascal(Main.scala:19)
	at recfun.Main$.pascal(Main.scala:19)
	at recfun.Main$.pascal(Main.scala:19)
	at recfun.Main$.pascal(Main.scala:19)
	at recfun.Main$.pascal(Main.scala:19)
	at recfun.Main$.pascal(Main.scala:19)
	at recfun.Main$.pascal(Main.scala:19)
	at recfun.Main$.pascal(Main.scala:19)
	at recfun.Main$.pascal(Main.scala:19)
	at recfun.Main$.pascal(Main.scala:19)
	at recfun.Main$.pascal(Main.scala:19)
	at recfun.Main$.pascal(Main.scala:19)
	at recfun.Main$.pascal(Main.scala:19)
	at recfun.Main$.pascal(Main.scala:19)
	at recfun.Main$.pascal(Main.scala:19)
	at recfun.Main$.pascal(Main.scala:19)
	at recfun.Main$.pascal(Main.scala:19)
	at recfun.Main$.pascal(Main.scala:19)
	at recfun.Main$.pascal(Main.scala:19)
	at recfun.Main$.pascal(Main.scala:19)
	at recfun.Main$.pascal(Main.scala:19)
	at recfun.Main$.pascal(Main.scala:19)
	at recfun.Main$.pascal(Main.scala:19)
	at recfun.Main$.pascal(Main.scala:19)
	at recfun.Main$.pascal(Main.scala:19)
	at recfun.Main$.pascal(Main.scala:19)
	at recfun.Main$.pascal(Main.scala:19)
	at recfun.Main$.pascal(Main.scala:19)
	at recfun.Main$.pascal(Main.scala:19)
	at recfun.Main$.pascal(Main.scala:19)
	at recfun.Main$.pascal(Main.scala:19)
	at recfun.Main$.pascal(Main.scala:19)
	at recfun.Main$.pascal(Main.scala:19)
	at recfun.Main$.pascal(Main.scala:19)
	at recfun.Main$.pascal(Main.scala:19)
	at recfun.Main$.pascal(Main.scala:19)
	at recfun.Main$.pascal(Main.scala:19)
	at recfun.Main$.pascal(Main.scala:19)
	at recfun.Main$.pascal(Main.scala:19)
	at recfun.Main$.pascal(Main.scala:19)
	at recfun.Main$.pascal(Main.scala:19)
	at recfun.Main$.pascal(Main.scala:19)
	at recfun.Main$.pascal(Main.scala:19)
	at recfun.Main$.pascal(Main.scala:19)
	at recfun.Main$.pascal(Main.scala:19)
	at recfun.Main$.pascal(Main.scala:19)
	at recfun.Main$.pascal(Main.scala:19)
	at recfun.Main$.pascal(Main.scala:19)
	at recfun.Main$.pascal(Main.scala:19)
	at recfun.Main$.pascal(Main.scala:19)
	at recfun.Main$.pascal(Main.scala:19)
	at recfun.Main$.pascal(Main.scala:19)
	at recfun.Main$.pascal(Main.scala:19)
	at recfun.Main$.pascal(Main.scala:19)
	at recfun.Main$.pascal(Main.scala:19)
	at recfun.Main$.pascal(Main.scala:19)
	at recfun.Main$.pascal(Main.scala:19)
	at recfun.Main$.pascal(Main.scala:19)
	at recfun.Main$.pascal(Main.scala:19)
	at recfun.Main$.pascal(Main.scala:19)
	at recfun.Main$.pascal(Main.scala:19)
	at recfun.Main$.pascal(Main.scala:19)
	at recfun.Main$.pascal(Main.scala:19)
	at recfun.Main$.pascal(Main.scala:19)
	at recfun.Main$.pascal(Main.scala:19)
	at recfun.Main$.pascal(Main.scala:19)
	at recfun.Main$.pascal(Main.scala:19)
	at recfun.Main$.pascal(Main.scala:19)
	at recfun.Main$.pascal(Main.scala:19)
	at recfun.Main$.pascal(Main.scala:19)
	at recfun.Main$.pascal(Main.scala:19)
	at recfun.Main$.pascal(Main.scala:19)
	at recfun.Main$.pascal(Main.scala:19)
	at recfun.Main$.pascal(Main.scala:19)
	at recfun.Main$.pascal(Main.scala:19)
	at recfun.Main$.pascal(Main.scala:19)
	at recfun.Main$.pascal(Main.scala:19)
	at recfun.Main$.pascal(Main.scala:19)
	at recfun.Main$.pascal(Main.scala:19)
	at recfun.Main$.pascal(Main.scala:19)
	at recfun.Main$.pascal(Main.scala:19)
	at recfun.Main$.pascal(Main.scala:19)
	at recfun.Main$.pascal(Main.scala:19)
	at recfun.Main$.pascal(Main.scala:19)
	at recfun.Main$.pascal(Main.scala:19)
	at recfun.Main$.pascal(Main.scala:19)
	at recfun.Main$.pascal(Main.scala:19)
	at recfun.Main$.pascal(Main.scala:19)
	at recfun.Main$.pascal(Main.scala:19)
	at recfun.Main$.pascal(Main.scala:19)
	at recfun.Main$.pascal(Main.scala:19)
	at recfun.Main$.pascal(Main.scala:19)
	at recfun.Main$.pascal(Main.scala:19)
	at recfun.Main$.pascal(Main.scala:19)
	at recfun.Main$.pascal(Main.scala:19)
	at recfun.Main$.pascal(Main.scala:19)
	at recfun.Main$.pascal(Main.scala:19)
	at recfun.Main$.pascal(Main.scala:19)
	at recfun.Main$.pascal(Main.scala:19)
	at recfun.Main$.pascal(Main.scala:19)
	at recfun.Main$.pascal(Main.scala:19)
	at recfun.Main$.pascal(Main.scala:19)
	at recfun.Main$.pascal(Main.scala:19)
	at recfun.Main$.pascal(Main.scala:19)
	at recfun.Main$.pascal(Main.scala:19)
	at recfun.Main$.pascal(Main.scala:19)
	at recfun.Main$.pascal(Main.scala:19)
	at recfun.Main$.pascal(Main.scala:19)
	at recfun.Main$.pascal(Main.scala:19)
	at recfun.Main$.pascal(Main.scala:19)
	at recfun.Main$.pascal(Main.scala:19)
	at recfun.Main$.pascal(Main.scala:19)
	at recfun.Main$.pascal(Main.scala:19)
	at recfun.Main$.pascal(Main.scala:19)
	at recfun.Main$.pascal(Main.scala:19)
	at recfun.Main$.pascal(Main.scala:19)
	at recfun.Main$.pascal(Main.scala:19)
	at recfun.Main$.pascal(Main.scala:19)
	at recfun.Main$.pascal(Main.scala:19)
	at recfun.Main$.pascal(Main.scala:19)
	at recfun.Main$.pascal(Main.scala:19)
	at recfun.Main$.pascal(Main.scala:19)
	at recfun.Main$.pascal(Main.scala:19)
	at recfun.Main$.pascal(Main.scala:19)
	at recfun.Main$.pascal(Main.scala:19)
	at recfun.Main$.pascal(Main.scala:19)
	at recfun.Main$.pascal(Main.scala:19)
	at recfun.Main$.pascal(Main.scala:19)
	at recfun.Main$.pascal(Main.scala:19)
	at recfun.Main$.pascal(Main.scala:19)
	at recfun.Main$.pascal(Main.scala:19)
	at recfun.Main$.pascal(Main.scala:19)
	at recfun.Main$.pascal(Main.scala:19)
	at recfun.Main$.pascal(Main.scala:19)
	at recfun.Main$.pascal(Main.scala:19)
	at recfun.Main$.pascal(Main.scala:19)
	at recfun.Main$.pascal(Main.scala:19)
	at recfun.Main$.pascal(Main.scala:19)
	at recfun.Main$.pascal(Main.scala:19)
	at recfun.Main$.pascal(Main.scala:19)
	at recfun.Main$.pascal(Main.scala:19)
	at recfun.Main$.pascal(Main.scala:19)
	at recfun.Main$.pascal(Main.scala:19)
	at recfun.Main$.pascal(Main.scala:19)
	at recfun.Main$.pascal(Main.scala:19)
	at recfun.Main$.pascal(Main.scala:19)
	at recfun.Main$.pascal(Main.scala:19)
	at recfun.Main$.pascal(Main.scala:19)
	at recfun.Main$.pascal(Main.scala:19)
	at recfun.Main$.pascal(Main.scala:19)
	at recfun.Main$.pascal(Main.scala:19)
	at recfun.Main$.pascal(Main.scala:19)
	at recfun.Main$.pascal(Main.scala:19)
	at recfun.Main$.pascal(Main.scala:19)
	at recfun.Main$.pascal(Main.scala:19)
	at recfun.Main$.pascal(Main.scala:19)
	at recfun.Main$.pascal(Main.scala:19)
	at recfun.Main$.pascal(Main.scala:19)
	at recfun.Main$.pascal(Main.scala:19)
	at recfun.Main$.pascal(Main.scala:19)
	at recfun.Main$.pascal(Main.scala:19)
	at recfun.Main$.pascal(Main.scala:19)
	at recfun.Main$.pascal(Main.scala:19)
	at recfun.Main$.pascal(Main.scala:19)
	at recfun.Main$.pascal(Main.scala:19)
	at recfun.Main$.pascal(Main.scala:19)
	at recfun.Main$.pascal(Main.scala:19)
	at recfun.Main$.pascal(Main.scala:19)
	at recfun.Main$.pascal(Main.scala:19)
	at recfun.Main$.pascal(Main.scala:19)
	at recfun.Main$.pascal(Main.scala:19)
	at recfun.Main$.pascal(Main.scala:19)
	at recfun.Main$.pascal(Main.scala:19)
	at recfun.Main$.pascal(Main.scala:19)
	at recfun.Main$.pascal(Main.scala:19)
	at recfun.Main$.pascal(Main.scala:19)
	at recfun.Main$.pascal(Main.scala:19)
	at recfun.Main$.pascal(Main.scala:19)
	at recfun.Main$.pascal(Main.scala:19)
	at recfun.Main$.pascal(Main.scala:19)
	at recfun.Main$.pascal(Main.scala:19)
	at recfun.Main$.pascal(Main.scala:19)
	at recfun.Main$.pascal(Main.scala:19)
	at recfun.Main$.pascal(Main.scala:19)
	at recfun.Main$.pascal(Main.scala:19)
	at recfun.Main$.pascal(Main.scala:19)
	at recfun.Main$.pascal(Main.scala:19)
	at recfun.Main$.pascal(Main.scala:19)
	at recfun.Main$.pascal(Main.scala:19)
	at recfun.Main$.pascal(Main.scala:19)
	at recfun.Main$.pascal(Main.scala:19)
	at recfun.Main$.pascal(Main.scala:19)
	at recfun.Main$.pascal(Main.scala:19)
	at recfun.Main$.pascal(Main.scala:19)
	at recfun.Main$.pascal(Main.scala:19)
	at recfun.Main$.pascal(Main.scala:19)
	at recfun.Main$.pascal(Main.scala:19)
	at recfun.Main$.pascal(Main.scala:19)
	at recfun.Main$.pascal(Main.scala:19)
	at recfun.Main$.pascal(Main.scala:19)
	at recfun.Main$.pascal(Main.scala:19)
	at recfun.Main$.pascal(Main.scala:19)
	at recfun.Main$.pascal(Main.scala:19)
	at recfun.Main$.pascal(Main.scala:19)
	at recfun.Main$.pascal(Main.scala:19)
	at recfun.Main$.pascal(Main.scala:19)
	at recfun.Main$.pascal(Main.scala:19)
	at recfun.Main$.pascal(Main.scala:19)
	at recfun.Main$.pascal(Main.scala:19)
	at recfun.Main$.pascal(Main.scala:19)
	at recfun.Main$.pascal(Main.scala:19)
	at recfun.Main$.pascal(Main.scala:19)
	at recfun.Main$.pascal(Main.scala:19)
	at recfun.Main$.pascal(Main.scala:19)
	at recfun.Main$.pascal(Main.scala:19)
	at recfun.Main$.pascal(Main.scala:19)
	at recfun.Main$.pascal(Main.scala:19)
	at recfun.Main$.pascal(Main.scala:19)
	at recfun.Main$.pascal(Main.scala:19)
	at recfun.Main$.pascal(Main.scala:19)
	at recfun.Main$.pascal(Main.scala:19)
	at recfun.Main$.pascal(Main.scala:19)
	at recfun.Main$.pascal(Main.scala:19)
	at recfun.Main$.pascal(Main.scala:19)
	at recfun.Main$.pascal(Main.scala:19)
	at recfun.Main$.pascal(Main.scala:19)
	at recfun.Main$.pascal(Main.scala:19)
	at recfun.Main$.pascal(Main.scala:19)
	at recfun.Main$.pascal(Main.scala:19)
	at recfun.Main$.pascal(Main.scala:19)
	at recfun.Main$.pascal(Main.scala:19)
	at recfun.Main$.pascal(Main.scala:19)
	at recfun.Main$.pascal(Main.scala:19)
	at recfun.Main$.pascal(Main.scala:19)
	at recfun.Main$.pascal(Main.scala:19)
	at recfun.Main$.pascal(Main.scala:19)
	at recfun.Main$.pascal(Main.scala:19)
	at recfun.Main$.pascal(Main.scala:19)
	at recfun.Main$.pascal(Main.scala:19)
	at recfun.Main$.pascal(Main.scala:19)
	at recfun.Main$.pascal(Main.scala:19)
	at recfun.Main$.pascal(Main.scala:19)
	at recfun.Main$.pascal(Main.scala:19)
	at recfun.Main$.pascal(Main.scala:19)
	at recfun.Main$.pascal(Main.scala:19)
	at recfun.Main$.pascal(Main.scala:19)
	at recfun.Main$.pascal(Main.scala:19)
	at recfun.Main$.pascal(Main.scala:19)
	at recfun.Main$.pascal(Main.scala:19)
	at recfun.Main$.pascal(Main.scala:19)
	at recfun.Main$.pascal(Main.scala:19)
	at recfun.Main$.pascal(Main.scala:19)
	at recfun.Main$.pascal(Main.scala:19)
	at recfun.Main$.pascal(Main.scala:19)
	at recfun.Main$.pascal(Main.scala:19)
	at recfun.Main$.pascal(Main.scala:19)
	at recfun.Main$.pascal(Main.scala:19)
	at recfun.Main$.pascal(Main.scala:19)
	at recfun.Main$.pascal(Main.scala:19)
	at recfun.Main$.pascal(Main.scala:19)
	at recfun.Main$.pascal(Main.scala:19)
	at recfun.Main$.pascal(Main.scala:19)
	at recfun.Main$.pascal(Main.scala:19)
	at recfun.Main$.pascal(Main.scala:19)
	at recfun.Main$.pascal(Main.scala:19)
	at recfun.Main$.pascal(Main.scala:19)
	at recfun.Main$.pascal(Main.scala:19)
	at recfun.Main$.pascal(Main.scala:19)
	at recfun.Main$.pascal(Main.scala:19)
	at recfun.Main$.pascal(Main.scala:19)
	at recfun.Main$.pascal(Main.scala:19)
	at recfun.Main$.pascal(Main.scala:19)
	at recfun.Main$.pascal(Main.scala:19)
	at recfun.Main$.pascal(Main.scala:19)
	at recfun.Main$.pascal(Main.scala:19)
	at recfun.Main$.pascal(Main.scala:19)
	at recfun.Main$.pascal(Main.scala:19)
	at recfun.Main$.pascal(Main.scala:19)
	at recfun.Main$.pascal(Main.scala:19)
	at recfun.Main$.pascal(Main.scala:19)
	at recfun.Main$.pascal(Main.scala:19)
	at recfun.Main$.pascal(Main.scala:19)
	at recfun.Main$.pascal(Main.scala:19)
	at recfun.Main$.pascal(Main.scala:19)
	at recfun.Main$.pascal(Main.scala:19)
	at recfun.Main$.pascal(Main.scala:19)
	at recfun.Main$.pascal(Main.scala:19)
	at recfun.Main$.pascal(Main.scala:19)
	at recfun.Main$.pascal(Main.scala:19)
	at recfun.Main$.pascal(Main.scala:19)
	at recfun.Main$.pascal(Main.scala:19)
	at recfun.Main$.pascal(Main.scala:19)
	at recfun.Main$.pascal(Main.scala:19)
	at recfun.Main$.pascal(Main.scala:19)
	at recfun.Main$.pascal(Main.scala:19)
	at recfun.Main$.pascal(Main.scala:19)
	at recfun.Main$.pascal(Main.scala:19)
	at recfun.Main$.pascal(Main.scala:19)
	at recfun.Main$.pascal(Main.scala:19)
	at recfun.Main$.pascal(Main.scala:19)
	at recfun.Main$.pascal(Main.scala:19)
	at recfun.Main$.pascal(Main.scala:19)
	at recfun.Main$.pascal(Main.scala:19)
	at recfun.Main$.pascal(Main.scala:19)
	at recfun.Main$.pascal(Main.scala:19)
	at recfun.Main$.pascal(Main.scala:19)
	at recfun.Main$.pascal(Main.scala:19)
	at recfun.Main$.pascal(Main.scala:19)
	at recfun.Main$.pascal(Main.scala:19)
	at recfun.Main$.pascal(Main.scala:19)
	at recfun.Main$.pascal(Main.scala:19)
	at recfun.Main$.pascal(Main.scala:19)
	at recfun.Main$.pascal(Main.scala:19)
	at recfun.Main$.pascal(Main.scala:19)
	at recfun.Main$.pascal(Main.scala:19)
	at recfun.Main$.pascal(Main.scala:19)
	at recfun.Main$.pascal(Main.scala:19)
	at recfun.Main$.pascal(Main.scala:19)
	at recfun.Main$.pascal(Main.scala:19)
	at recfun.Main$.pascal(Main.scala:19)
	at recfun.Main$.pascal(Main.scala:19)
	at recfun.Main$.pascal(Main.scala:19)
	at recfun.Main$.pascal(Main.scala:19)
	at recfun.Main$.pascal(Main.scala:19)
	at recfun.Main$.pascal(Main.scala:19)
	at recfun.Main$.pascal(Main.scala:19)
	at recfun.Main$.pascal(Main.scala:19)
	at recfun.Main$.pascal(Main.scala:19)
	at recfun.Main$.pascal(Main.scala:19)
	at recfun.Main$.pascal(Main.scala:19)
	at recfun.Main$.pascal(Main.scala:19)
	at recfun.Main$.pascal(Main.scala:19)
	at recfun.Main$.pascal(Main.scala:19)
	at recfun.Main$.pascal(Main.scala:19)
	at recfun.Main$.pascal(Main.scala:19)
	at recfun.Main$.pascal(Main.scala:19)
	at recfun.Main$.pascal(Main.scala:19)
	at recfun.Main$.pascal(Main.scala:19)
	at recfun.Main$.pascal(Main.scala:19)
	at recfun.Main$.pascal(Main.scala:19)
	at recfun.Main$.pascal(Main.scala:19)
	at recfun.Main$.pascal(Main.scala:19)
	at recfun.Main$.pascal(Main.scala:19)
	at recfun.Main$.pascal(Main.scala:19)
	at recfun.Main$.pascal(Main.scala:19)
	at recfun.Main$.pascal(Main.scala:19)
	at recfun.Main$.pascal(Main.scala:19)
	at recfun.Main$.pascal(Main.scala:19)
	at recfun.Main$.pascal(Main.scala:19)
	at recfun.Main$.pascal(Main.scala:19)
	at recfun.Main$.pascal(Main.scala:19)
	at recfun.Main$.pascal(Main.scala:19)
	at recfun.Main$.pascal(Main.scala:19)
	at recfun.Main$.pascal(Main.scala:19)
	at recfun.Main$.pascal(Main.scala:19)
	at recfun.Main$.pascal(Main.scala:19)
	at recfun.Main$.pascal(Main.scala:19)
	at recfun.Main$.pascal(Main.scala:19)
	at recfun.Main$.pascal(Main.scala:19)
	at recfun.Main$.pascal(Main.scala:19)
	at recfun.Main$.pascal(Main.scala:19)
	at recfun.Main$.pascal(Main.scala:19)
	at recfun.Main$.pascal(Main.scala:19)
	at recfun.Main$.pascal(Main.scala:19)
	at recfun.Main$.pascal(Main.scala:19)
	at recfun.Main$.pascal(Main.scala:19)
	at recfun.Main$.pascal(Main.scala:19)
	at recfun.Main$.pascal(Main.scala:19)
	at recfun.Main$.pascal(Main.scala:19)
	at recfun.Main$.pascal(Main.scala:19)
	at recfun.Main$.pascal(Main.scala:19)
	at recfun.Main$.pascal(Main.scala:19)
	at recfun.Main$.pascal(Main.scala:19)
	at recfun.Main$.pascal(Main.scala:19)
	at recfun.Main$.pascal(Main.scala:19)
	at recfun.Main$.pascal(Main.scala:19)
	at recfun.Main$.pascal(Main.scala:19)
	at recfun.Main$.pascal(Main.scala:19)
	at recfun.Main$.pascal(Main.scala:19)
	at recfun.Main$.pascal(Main.scala:19)
	at recfun.Main$.pascal(Main.scala:19)
	at recfun.Main$.pascal(Main.scala:19)
	at recfun.Main$.pascal(Main.scala:19)
	at recfun.Main$.pascal(Main.scala:19)
	at recfun.Main$.pascal(Main.scala:19)
	at recfun.Main$.pascal(Main.scala:19)
	at recfun.Main$.pascal(Main.scala:19)
	at recfun.Main$.pascal(Main.scala:19)
	at recfun.Main$.pascal(Main.scala:19)
	at recfun.Main$.pascal(Main.scala:19)
	at recfun.Main$.pascal(Main.scala:19)
	at recfun.Main$.pascal(Main.scala:19)
	at recfun.Main$.pascal(Main.scala:19)
	at recfun.Main$.pascal(Main.scala:19)
	at recfun.Main$.pascal(Main.scala:19)
	at recfun.Main$.pascal(Main.scala:19)
	at recfun.Main$.pascal(Main.scala:19)
	at recfun.Main$.pascal(Main.scala:19)
	at recfun.Main$.pascal(Main.scala:19)
	at recfun.Main$.pascal(Main.scala:19)
	at recfun.Main$.pascal(Main.scala:19)
	at recfun.Main$.pascal(Main.scala:19)
	at recfun.Main$.pascal(Main.scala:19)
	at recfun.Main$.pascal(Main.scala:19)
	at recfun.Main$.pascal(Main.scala:19)
	at recfun.Main$.pascal(Main.scala:19)
	at recfun.Main$.pascal(Main.scala:19)
	at recfun.Main$.pascal(Main.scala:19)
	at recfun.Main$.pascal(Main.scala:19)
	at recfun.Main$.pascal(Main.scala:19)
	at recfun.Main$.pascal(Main.scala:19)
	at recfun.Main$.pascal(Main.scala:19)
	at recfun.Main$.pascal(Main.scala:19)
	at recfun.Main$.pascal(Main.scala:19)
	at recfun.Main$.pascal(Main.scala:19)
	at recfun.Main$.pascal(Main.scala:19)
	at recfun.Main$.pascal(Main.scala:19)
	at recfun.Main$.pascal(Main.scala:19)
	at recfun.Main$.pascal(Main.scala:19)
	at recfun.Main$.pascal(Main.scala:19)
	at recfun.Main$.pascal(Main.scala:19)
	at recfun.Main$.pascal(Main.scala:19)
	at recfun.Main$.pascal(Main.scala:19)
	at recfun.Main$.pascal(Main.scala:19)
	at recfun.Main$.pascal(Main.scala:19)
	at recfun.Main$.pascal(Main.scala:19)
	at recfun.Main$.pascal(Main.scala:19)
	at recfun.Main$.pascal(Main.scala:19)
	at recfun.Main$.pascal(Main.scala:19)
	at recfun.Main$.pascal(Main.scala:19)
	at recfun.Main$.pascal(Main.scala:19)
	at recfun.Main$.pascal(Main.scala:19)
	at recfun.Main$.pascal(Main.scala:19)
	at recfun.Main$.pascal(Main.scala:19)
	at recfun.Main$.pascal(Main.scala:19)
	at recfun.Main$.pascal(Main.scala:19)
	at recfun.Main$.pascal(Main.scala:19)
	at recfun.Main$.pascal(Main.scala:19)
	at recfun.Main$.pascal(Main.scala:19)
	at recfun.Main$.pascal(Main.scala:19)
	at recfun.Main$.pascal(Main.scala:19)
	at recfun.Main$.pascal(Main.scala:19)
	at recfun.Main$.pascal(Main.scala:19)
	at recfun.Main$.pascal(Main.scala:19)
	at recfun.Main$.pascal(Main.scala:19)
	at recfun.Main$.pascal(Main.scala:19)
	at recfun.Main$.pascal(Main.scala:19)
	at recfun.Main$.pascal(Main.scala:19)
	at recfun.Main$.pascal(Main.scala:19)
	at recfun.Main$.pascal(Main.scala:19)
	at recfun.Main$.pascal(Main.scala:19)
	at recfun.Main$.pascal(Main.scala:19)
	at recfun.Main$.pascal(Main.scala:19)
	at recfun.Main$.pascal(Main.scala:19)
	at recfun.Main$.pascal(Main.scala:19)
	at recfun.Main$.pascal(Main.scala:19)
	at recfun.Main$.pascal(Main.scala:19)
	at recfun.Main$.pascal(Main.scala:19)
	at recfun.Main$.pascal(Main.scala:19)
	at recfun.Main$.pascal(Main.scala:19)
	at recfun.Main$.pascal(Main.scala:19)
	at recfun.Main$.pascal(Main.scala:19)
	at recfun.Main$.pascal(Main.scala:19)
	at recfun.Main$.pascal(Main.scala:19)
	at recfun.Main$.pascal(Main.scala:19)
	at recfun.Main$.pascal(Main.scala:19)
	at recfun.Main$.pascal(Main.scala:19)
	at recfun.Main$.pascal(Main.scala:19)
	at recfun.Main$.pascal(Main.scala:19)
	at recfun.Main$.pascal(Main.scala:19)
	at recfun.Main$.pascal(Main.scala:19)
	at recfun.Main$.pascal(Main.scala:19)
	at recfun.Main$.pascal(Main.scala:19)
	at recfun.Main$.pascal(Main.scala:19)
	at recfun.Main$.pascal(Main.scala:19)
	at recfun.Main$.pascal(Main.scala:19)
	at recfun.Main$.pascal(Main.scala:19)
	at recfun.Main$.pascal(Main.scala:19)
	at recfun.Main$.pascal(Main.scala:19)
	at recfun.Main$.pascal(Main.scala:19)
	at recfun.Main$.pascal(Main.scala:19)
	at recfun.Main$.pascal(Main.scala:19)
	at recfun.Main$.pascal(Main.scala:19)
	at recfun.Main$.pascal(Main.scala:19)
	at recfun.Main$.pascal(Main.scala:19)
	at recfun.Main$.pascal(Main.scala:19)
	at recfun.Main$.pascal(Main.scala:19)
	at recfun.Main$.pascal(Main.scala:19)
	at recfun.Main$.pascal(Main.scala:19)
	at recfun.Main$.pascal(Main.scala:19)
	at recfun.Main$.pascal(Main.scala:19)
	at recfun.Main$.pascal(Main.scala:19)
	at recfun.Main$.pascal(Main.scala:19)
	at recfun.Main$.pascal(Main.scala:19)
	at recfun.Main$.pascal(Main.scala:19)
	at recfun.Main$.pascal(Main.scala:19)
	at recfun.Main$.pascal(Main.scala:19)
	at recfun.Main$.pascal(Main.scala:19)
	at recfun.Main$.pascal(Main.scala:19)
	at recfun.Main$.pascal(Main.scala:19)
	at recfun.Main$.pascal(Main.scala:19)
	at recfun.Main$.pascal(Main.scala:19)
	at recfun.Main$.pascal(Main.scala:19)
	at recfun.Main$.pascal(Main.scala:19)
	at recfun.Main$.pascal(Main.scala:19)
	at recfun.Main$.pascal(Main.scala:19)
	at recfun.Main$.pascal(Main.scala:19)
	at recfun.Main$.pascal(Main.scala:19)
	at recfun.Main$.pascal(Main.scala:19)
	at recfun.Main$.pascal(Main.scala:19)
	at recfun.Main$.pascal(Main.scala:19)
	at recfun.Main$.pascal(Main.scala:19)
	at recfun.Main$.pascal(Main.scala:19)
	at recfun.Main$.pascal(Main.scala:19)
	at recfun.Main$.pascal(Main.scala:19)
	at recfun.Main$.pascal(Main.scala:19)
	at recfun.Main$.pascal(Main.scala:19)
</error>
                                               </testcase>
                     <system-out></system-out>
                     <system-err></system-err>
                   </testsuite>